
=== JUICE TOTALS RUN @ 2026-02-21T17:14:02.825459Z ===
Wrote docs/win/juice/nba/totals/juice_nba_totals_2026_02_21.csv
Wrote docs/win/juice/nba/totals/juice_nba_totals_2026_02_12.csv
Wrote docs/win/juice/nba/totals/juice_nba_totals_2026_02_10.csv
Wrote docs/win/juice/nba/totals/juice_nba_totals_2026_02_19.csv
Wrote docs/win/juice/nba/totals/juice_nba_totals_2026_02_20.csv
Wrote docs/win/juice/ncaab/totals/juice_ncaab_totals_2026_02_19.csv
Wrote docs/win/juice/ncaab/totals/juice_ncaab_totals_2026_02_17.csv
Wrote docs/win/juice/ncaab/totals/juice_ncaab_totals_2026_02_14.csv
Wrote docs/win/juice/ncaab/totals/juice_ncaab_totals_2026_02_13.csv
Wrote docs/win/juice/ncaab/totals/juice_ncaab_totals_2026_02_21.csv
Wrote docs/win/juice/ncaab/totals/juice_ncaab_totals_2026_02_12.csv
Wrote docs/win/juice/ncaab/totals/juice_ncaab_totals_2026_02_10.csv
Wrote docs/win/juice/ncaab/totals/juice_ncaab_totals_2026_02_15.csv
Wrote docs/win/juice/ncaab/totals/juice_ncaab_totals_2026_02_20.csv
Wrote docs/win/juice/ncaab/totals/juice_ncaab_totals_2026_02_18.csv
Wrote docs/win/juice/ncaab/totals/juice_ncaab_totals_2026_02_16.csv
Files scanned: 16
Files written: 16
Rows processed: 462
Rows defaulted: 0
