
=== JUICE ML RUN @ 2026-02-23T15:42:57.807513Z ===
Wrote docs/win/juice/nba/ml/juice_nba_ml_2026_02_22.csv
Wrote docs/win/juice/nba/ml/juice_nba_ml_2026_02_20.csv
Wrote docs/win/juice/nba/ml/juice_nba_ml_2026_02_10.csv
Wrote docs/win/juice/nba/ml/juice_nba_ml_2026_02_21.csv
Wrote docs/win/juice/nba/ml/juice_nba_ml_2026_02_19.csv
Wrote docs/win/juice/nba/ml/juice_nba_ml_2026_02_12.csv
Wrote docs/win/juice/nhl/ml/juice_nhl_ml_2026_02_25.csv
Wrote docs/win/juice/ncaab/ml/juice_ncaab_ml_2026_02_14.csv
Wrote docs/win/juice/ncaab/ml/juice_ncaab_ml_2026_02_20.csv
Wrote docs/win/juice/ncaab/ml/juice_ncaab_ml_2026_02_15.csv
Wrote docs/win/juice/ncaab/ml/juice_ncaab_ml_2026_02_21.csv
Wrote docs/win/juice/ncaab/ml/juice_ncaab_ml_2026_02_16.csv
Wrote docs/win/juice/ncaab/ml/juice_ncaab_ml_2026_02_13.csv
Wrote docs/win/juice/ncaab/ml/juice_ncaab_ml_2026_02_23.csv
Wrote docs/win/juice/ncaab/ml/juice_ncaab_ml_2026_02_18.csv
Wrote docs/win/juice/ncaab/ml/juice_ncaab_ml_2026_02_10.csv
Wrote docs/win/juice/ncaab/ml/juice_ncaab_ml_2026_02_17.csv
Wrote docs/win/juice/ncaab/ml/juice_ncaab_ml_2026_02_12.csv
Wrote docs/win/juice/ncaab/ml/juice_ncaab_ml_2026_02_19.csv
Wrote docs/win/juice/ncaab/ml/juice_ncaab_ml_2026_02_22.csv
Files scanned: 20
Files written: 20
Rows processed: 666
Rows defaulted: 17
