
=== JUICE SPREADS RUN @ 2026-02-10T16:20:54.689530Z ===
Wrote docs/win/juice/nba/spreads/juice_nba_spreads_2026_02_09.csv
Wrote docs/win/juice/ncaab/spreads/juice_ncaab_spreads_2026_02_09.csv
Files scanned: 2
Files written: 2
Rows processed: 33
Rows defaulted: 46

=== JUICE SPREADS RUN @ 2026-02-10T16:41:27.554220Z ===
Wrote docs/win/juice/nba/spreads/juice_nba_spreads_2026_02_09.csv
Wrote docs/win/juice/ncaab/spreads/juice_ncaab_spreads_2026_02_09.csv
Files scanned: 2
Files written: 2
Rows processed: 33
Rows defaulted: 46

=== JUICE SPREADS RUN @ 2026-02-10T22:06:32.745580Z ===
Wrote docs/win/juice/nba/spreads/juice_nba_spreads_2026_02_09.csv
Wrote docs/win/juice/ncaab/spreads/juice_ncaab_spreads_2026_02_09.csv
Files scanned: 2
Files written: 2
Rows processed: 33
Rows defaulted: 0

=== JUICE SPREADS RUN @ 2026-02-11T19:04:55.522384Z ===
Wrote docs/win/juice/nba/spreads/juice_nba_spreads_2026_02_09.csv
Wrote docs/win/juice/ncaab/spreads/juice_ncaab_spreads_2026_02_09.csv
Files scanned: 2
Files written: 2
Rows processed: 33
Rows defaulted: 0
