
=== JUICE TOTALS RUN @ 2026-03-01T15:05:04.582112Z ===
Wrote docs/win/juice/nba/totals/juice_nba_totals_2026_02_20.csv
Wrote docs/win/juice/nba/totals/juice_nba_totals_2026_02_19.csv
Wrote docs/win/juice/nba/totals/juice_nba_totals_2026_02_21.csv
Wrote docs/win/juice/nba/totals/juice_nba_totals_2026_02_23.csv
Wrote docs/win/juice/nba/totals/juice_nba_totals_2026_02_24.csv
Wrote docs/win/juice/nba/totals/juice_nba_totals_2026_02_12.csv
Wrote docs/win/juice/nba/totals/juice_nba_totals_2026_02_10.csv
Wrote docs/win/juice/nba/totals/juice_nba_totals_2026_02_22.csv
Wrote docs/win/juice/ncaab/totals/juice_ncaab_totals_2026_03_01.csv
Wrote docs/win/juice/ncaab/totals/juice_ncaab_totals_2026_02_18.csv
Wrote docs/win/juice/ncaab/totals/juice_ncaab_totals_2026_02_19.csv
Wrote docs/win/juice/ncaab/totals/juice_ncaab_totals_2026_02_22.csv
Wrote docs/win/juice/ncaab/totals/juice_ncaab_totals_2026_02_21.csv
Wrote docs/win/juice/ncaab/totals/juice_ncaab_totals_2026_02_23.csv
Wrote docs/win/juice/ncaab/totals/juice_ncaab_totals_2026_02_26.csv
Wrote docs/win/juice/ncaab/totals/juice_ncaab_totals_2026_02_13.csv
Wrote docs/win/juice/ncaab/totals/juice_ncaab_totals_2026_02_16.csv
Wrote docs/win/juice/ncaab/totals/juice_ncaab_totals_2026_02_27.csv
Wrote docs/win/juice/ncaab/totals/juice_ncaab_totals_2026_02_15.csv
Wrote docs/win/juice/ncaab/totals/juice_ncaab_totals_2026_02_20.csv
Wrote docs/win/juice/ncaab/totals/juice_ncaab_totals_2026_02_24.csv
Wrote docs/win/juice/ncaab/totals/juice_ncaab_totals_2026_02_12.csv
Wrote docs/win/juice/ncaab/totals/juice_ncaab_totals_2026_02_10.csv
Wrote docs/win/juice/ncaab/totals/juice_ncaab_totals_2026_02_17.csv
Wrote docs/win/juice/ncaab/totals/juice_ncaab_totals_2026_02_14.csv
Files scanned: 25
Files written: 25
Rows processed: 641
Rows defaulted: 0
